{
  "RSpec": {
    "coverage": {
      "/home/matheus/Generic-Chat/spec/controllers/user_controller_spec.rb": [
        1,
        null,
        1,
        null,
        null
      ],
      "/home/matheus/Generic-Chat/spec/rails_helper.rb": [
        null,
        1,
        1,
        null,
        1,
        1,
        1,
        null,
        null,
        null,
        null,
        null,
        null,
        null,
        null,
        null,
        null,
        null,
        null,
        null,
        null,
        null,
        null,
        null,
        null,
        null,
        1,
        null,
        1,
        null,
        1,
        null,
        null,
        null,
        null,
        1,
        null,
        null,
        null,
        null,
        null,
        null,
        null,
        null,
        null,
        null,
        null,
        null,
        null,
        null,
        1,
        null,
        null,
        1,
        null,
        null,
        null
      ],
      "/home/matheus/Generic-Chat/config/environment.rb": [
        null,
        1,
        null,
        null,
        1
      ],
      "/home/matheus/Generic-Chat/config/application.rb": [
        1,
        null,
        1,
        null,
        null,
        null,
        1,
        null,
        1,
        1,
        null,
        null,
        null,
        null,
        null,
        null,
        null,
        null,
        null,
        null,
        null,
        null,
        null,
        1,
        null,
        null
      ],
      "/home/matheus/Generic-Chat/config/boot.rb": [
        1,
        null,
        1
      ],
      "/home/matheus/Generic-Chat/config/environments/test.rb": [
        1,
        null,
        null,
        null,
        null,
        null,
        null,
        1,
        null,
        null,
        null,
        null,
        1,
        null,
        null,
        1,
        1,
        null,
        null,
        1,
        1,
        null,
        null,
        1,
        null,
        null,
        1,
        null,
        null,
        null,
        null,
        1,
        null,
        null,
        1,
        null,
        null,
        1,
        null,
        null,
        null,
        null
      ],
      "/home/matheus/Generic-Chat/config/initializers/assets.rb": [
        null,
        null,
        null,
        1,
        null,
        null,
        null,
        null,
        null,
        null,
        null
      ],
      "/home/matheus/Generic-Chat/config/initializers/backtrace_silencers.rb": [
        null,
        null,
        null,
        null,
        null,
        null,
        null
      ],
      "/home/matheus/Generic-Chat/config/initializers/cookies_serializer.rb": [
        null,
        null,
        1
      ],
      "/home/matheus/Generic-Chat/config/initializers/filter_parameter_logging.rb": [
        null,
        null,
        null,
        1
      ],
      "/home/matheus/Generic-Chat/config/initializers/inflections.rb": [
        null,
        null,
        null,
        null,
        null,
        null,
        null,
        null,
        null,
        null,
        null,
        null,
        null,
        null,
        null,
        null
      ],
      "/home/matheus/Generic-Chat/config/initializers/mime_types.rb": [
        null,
        null,
        null,
        null
      ],
      "/home/matheus/Generic-Chat/config/initializers/session_store.rb": [
        null,
        null,
        1
      ],
      "/home/matheus/Generic-Chat/config/initializers/wrap_parameters.rb": [
        null,
        null,
        null,
        null,
        null,
        null,
        1,
        1,
        null,
        null,
        null,
        null,
        null,
        null
      ],
      "/home/matheus/Generic-Chat/spec/factories/users.rb": [
        1,
        1,
        null,
        null,
        null
      ],
      "/home/matheus/Generic-Chat/config/routes.rb": [
        1,
        1,
        null,
        null,
        null,
        null,
        null,
        null,
        null,
        null,
        null,
        null,
        null,
        null,
        null,
        null,
        null,
        null,
        null,
        null,
        null,
        null,
        null,
        null,
        null,
        null,
        null,
        null,
        null,
        null,
        null,
        null,
        null,
        null,
        null,
        null,
        null,
        null,
        null,
        null,
        null,
        null,
        null,
        null,
        null,
        null,
        null,
        null,
        null,
        null,
        null,
        null,
        null,
        null,
        null,
        null,
        null
      ],
      "/home/matheus/Generic-Chat/app/helpers/application_helper.rb": [
        1,
        null
      ],
      "/home/matheus/Generic-Chat/app/helpers/users_helper.rb": [
        1,
        null
      ],
      "/home/matheus/Generic-Chat/app/controllers/users_controller.rb": [
        1,
        1,
        null,
        null,
        null,
        1,
        0,
        null,
        null,
        null,
        null,
        1,
        null,
        null,
        null,
        1,
        0,
        null,
        null,
        null,
        1,
        null,
        null,
        null,
        null,
        1,
        0,
        null,
        0,
        0,
        0,
        0,
        null,
        0,
        0,
        null,
        null,
        null,
        null,
        null,
        null,
        1,
        0,
        0,
        0,
        0,
        null,
        0,
        0,
        null,
        null,
        null,
        null,
        null,
        null,
        1,
        0,
        0,
        0,
        0,
        null,
        null,
        null,
        1,
        null,
        1,
        0,
        null,
        null,
        null,
        1,
        0,
        null,
        null
      ],
      "/home/matheus/Generic-Chat/app/controllers/application_controller.rb": [
        1,
        null,
        null,
        1,
        null
      ],
      "/home/matheus/Generic-Chat/spec/models/user_spec.rb": [
        1,
        null,
        1,
        1,
        null
      ],
      "/home/matheus/Generic-Chat/app/models/user.rb": [
        1,
        null
      ]
    },
    "timestamp": 1460275500
  }
}
